{"C:\\Users\\а733\\OneDrive\\Рабочий стол\\домашки\\regular expressions\\src\\index.js": {"path":"C:\\Users\\а733\\OneDrive\\Рабочий стол\\домашки\\regular expressions\\src\\index.js","statementMap":{"0":{"start":{"line":3,"column":8},"end":{"line":3,"column":25}},"1":{"start":{"line":6,"column":20},"end":{"line":6,"column":72}},"2":{"start":{"line":7,"column":8},"end":{"line":7,"column":34}}},"fnMap":{"0":{"name":"(anonymous_0)","decl":{"start":{"line":2,"column":4},"end":{"line":2,"column":5}},"loc":{"start":{"line":2,"column":22},"end":{"line":4,"column":5}},"line":2},"1":{"name":"(anonymous_1)","decl":{"start":{"line":5,"column":4},"end":{"line":5,"column":5}},"loc":{"start":{"line":5,"column":27},"end":{"line":8,"column":5}},"line":5}},"branchMap":{},"s":{"0":12,"1":12,"2":12},"f":{"0":12,"1":12},"b":{},"_coverageSchema":"1a1c01bbd47fc00a2c39e90264f33305004495a9","hash":"e01ab75a8e00eb29105aa934954d516193d36db3"}
,"C:\\Users\\а733\\OneDrive\\Рабочий стол\\домашки\\regular expressions\\src\\phone_validator.js": {"path":"C:\\Users\\а733\\OneDrive\\Рабочий стол\\домашки\\regular expressions\\src\\phone_validator.js","statementMap":{"0":{"start":{"line":1,"column":29},"end":{"line":20,"column":1}},"1":{"start":{"line":2,"column":18},"end":{"line":2,"column":57}},"2":{"start":{"line":3,"column":13},"end":{"line":3,"column":17}},"3":{"start":{"line":4,"column":14},"end":{"line":4,"column":20}},"4":{"start":{"line":5,"column":16},"end":{"line":5,"column":21}},"5":{"start":{"line":6,"column":14},"end":{"line":6,"column":18}},"6":{"start":{"line":7,"column":4},"end":{"line":9,"column":5}},"7":{"start":{"line":8,"column":8},"end":{"line":8,"column":63}},"8":{"start":{"line":10,"column":4},"end":{"line":12,"column":5}},"9":{"start":{"line":11,"column":8},"end":{"line":11,"column":66}},"10":{"start":{"line":13,"column":4},"end":{"line":15,"column":5}},"11":{"start":{"line":14,"column":8},"end":{"line":14,"column":64}},"12":{"start":{"line":16,"column":4},"end":{"line":18,"column":5}},"13":{"start":{"line":17,"column":8},"end":{"line":17,"column":64}},"14":{"start":{"line":19,"column":4},"end":{"line":19,"column":17}}},"fnMap":{"0":{"name":"(anonymous_0)","decl":{"start":{"line":1,"column":29},"end":{"line":1,"column":30}},"loc":{"start":{"line":1,"column":41},"end":{"line":20,"column":1}},"line":1}},"branchMap":{"0":{"loc":{"start":{"line":7,"column":4},"end":{"line":9,"column":5}},"type":"if","locations":[{"start":{"line":7,"column":4},"end":{"line":9,"column":5}},{"start":{},"end":{}}],"line":7},"1":{"loc":{"start":{"line":10,"column":4},"end":{"line":12,"column":5}},"type":"if","locations":[{"start":{"line":10,"column":4},"end":{"line":12,"column":5}},{"start":{},"end":{}}],"line":10},"2":{"loc":{"start":{"line":13,"column":4},"end":{"line":15,"column":5}},"type":"if","locations":[{"start":{"line":13,"column":4},"end":{"line":15,"column":5}},{"start":{},"end":{}}],"line":13},"3":{"loc":{"start":{"line":16,"column":4},"end":{"line":18,"column":5}},"type":"if","locations":[{"start":{"line":16,"column":4},"end":{"line":18,"column":5}},{"start":{},"end":{}}],"line":16}},"s":{"0":1,"1":5,"2":5,"3":5,"4":5,"5":5,"6":5,"7":2,"8":3,"9":0,"10":3,"11":1,"12":2,"13":1,"14":1},"f":{"0":5},"b":{"0":[2,3],"1":[0,3],"2":[1,2],"3":[1,1]},"_coverageSchema":"1a1c01bbd47fc00a2c39e90264f33305004495a9","hash":"7a4d59d9a7f0064ae1ba32160824e366bd2cbe61"}
}
