TN:
SF:src\index.js
FN:2,(anonymous_0)
FN:5,(anonymous_1)
FNF:2
FNH:2
FNDA:12,(anonymous_0)
FNDA:12,(anonymous_1)
DA:3,12
DA:6,12
DA:7,12
LF:3
LH:3
BRF:0
BRH:0
end_of_record
TN:
SF:src\phone_validator.js
FN:1,(anonymous_0)
FNF:1
FNH:1
FNDA:5,(anonymous_0)
DA:1,1
DA:2,5
DA:3,5
DA:4,5
DA:5,5
DA:6,5
DA:7,5
DA:8,2
DA:10,3
DA:11,0
DA:13,3
DA:14,1
DA:16,2
DA:17,1
DA:19,1
LF:15
LH:14
BRDA:7,0,0,2
BRDA:7,0,1,3
BRDA:10,1,0,0
BRDA:10,1,1,3
BRDA:13,2,0,1
BRDA:13,2,1,2
BRDA:16,3,0,1
BRDA:16,3,1,1
BRF:8
BRH:7
end_of_record
